SF:lib/models/sport_event.dart
DA:14,2
DA:25,1
DA:26,1
DA:27,1
DA:28,1
DA:29,1
DA:30,1
DA:31,1
DA:32,1
DA:36,1
DA:37,1
DA:38,1
DA:39,1
DA:40,1
DA:41,1
DA:42,1
DA:43,1
DA:47,1
DA:48,1
DA:50,2
LF:20
LH:20
end_of_record
SF:lib/models/sport_event.g.dart
DA:9,2
DA:10,1
DA:11,1
DA:12,1
DA:13,1
DA:14,1
DA:15,1
DA:18,1
DA:19,1
DA:20,1
DA:21,1
DA:22,1
DA:23,1
DA:24,1
DA:25,1
LF:15
LH:15
end_of_record
SF:lib/blocs/sport_events_state.dart
DA:4,3
DA:6,1
DA:7,1
DA:16,1
DA:21,2
LF:5
LH:5
end_of_record
SF:lib/blocs/sport_events_bloc.dart
DA:11,3
DA:12,1
DA:13,2
DA:16,2
DA:17,2
DA:18,1
DA:20,2
DA:21,1
DA:22,1
DA:28,2
LF:10
LH:10
end_of_record
SF:lib/blocs/sport_events_event.dart
DA:4,1
DA:6,0
DA:7,0
DA:13,1
LF:4
LH:2
end_of_record
